#
# A fatal error has been detected by the Java Runtime Environment:
#
#  EXCEPTION_ILLEGAL_INSTRUCTION (0xc000001d) at pc=0x000001f2626ac420, pid=11092, tid=0x0000000000001204
#
# JRE version: Java(TM) SE Runtime Environment (8.0_271-b09) (build 1.8.0_271-b09)
# Java VM: Java HotSpot(TM) 64-Bit Server VM (25.271-b09 mixed mode windows-amd64 compressed oops)
# Problematic frame:
# J 2729 C1 org.springframework.beans.factory.support.DefaultListableBeanFactory.doGetBeanNamesForType(Lorg/springframework/core/ResolvableType;ZZ)[Ljava/lang/String; (511 bytes) @ 0x000001f2626ac420 [0x000001f2626aa680+0x1da0]
#
# Failed to write core dump. Minidumps are not enabled by default on client versions of Windows
#
# If you would like to submit a bug report, please visit:
#   http://bugreport.java.com/bugreport/crash.jsp
#

---------------  T H R E A D  ---------------

Current thread (0x000001f2779c6000):  JavaThread "restartedMain" [_thread_in_Java, id=4612, stack(0x0000004f11f00000,0x0000004f12000000)]

siginfo: ExceptionCode=0xc000001d

Registers:
RAX=0x0000000000000000, RBX=0x0000004f11ffc250, RCX=0x0000000081000004, RDX=0x0000004f11ffc180
RSP=0x0000004f11ffc250, RBP=0x0000004f11ffc420, RSI=0x00000000833e8750, RDI=0x0000000000000000
R8 =0x000001f27ad783e8, R9 =0x0000000083474c48, R10=0x0000000055468e4f, R11=0x0000000000000020
R12=0x0000000000000000, R13=0x000001f2626ac404, R14=0x0000004f11ffc240, R15=0x000001f2779c6000
RIP=0x000001f2626ac420, EFLAGS=0x0000000000010206

Top of Stack: (sp=0x0000004f11ffc250)
0x0000004f11ffc250:   0000000000000164 000001f279078a88
0x0000004f11ffc260:   000001f2627d2058 00000000e019d720
0x0000004f11ffc270:   0000004f11ffc2d8 000001f261de8100
0x0000004f11ffc280:   0000000000000000 000001f261de8100
0x0000004f11ffc290:   00000000e019d720 0000004f11ffc298
0x0000004f11ffc2a0:   000001f275b08e09 0000004f11ffc2e8
0x0000004f11ffc2b0:   000001f275c00a90 0000000000000000
0x0000004f11ffc2c0:   000001f275b08e18 0000000000000000
0x0000004f11ffc2d0:   0000004f11ffc2f0 00000000e019d720
0x0000004f11ffc2e0:   00000000e023bc98 00000000e019d720
0x0000004f11ffc2f0:   0000000083554d20 0000000082f551d0
0x0000004f11ffc300:   0000000100000001 00000000e023be60
0x0000004f11ffc310:   00000000e023be98 00000000e023beb0
0x0000004f11ffc320:   00000000833e8750 0000000000000002
0x0000004f11ffc330:   0000000083685ae8 0000000000000000
0x0000004f11ffc340:   0000000100000000 00000000e023bed0 

Instructions: (pc=0x000001f2626ac420)
0x000001f2626ac400:   41 43 00 00 49 b8 e8 83 d7 7a f2 01 00 00 41 ff
0x000001f2626ac410:   80 48 06 00 00 48 8b f8 48 8b b4 24 d0 00 00 00
0x000001f2626ac420:   e9 da 0b 00 00 89 b4 24 f4 00 00 00 44 8b 8c 24
0x000001f2626ac430:   b4 00 00 00 41 83 f9 00 49 b8 e8 83 d7 7a f2 01 


Register to memory mapping:

RAX=0x0000000000000000 is an unknown value
RBX=0x0000004f11ffc250 is pointing into the stack for thread: 0x000001f2779c6000
RCX=0x0000000081000004 is an unknown value
RDX=0x0000004f11ffc180 is pointing into the stack for thread: 0x000001f2779c6000
RSP=0x0000004f11ffc250 is pointing into the stack for thread: 0x000001f2779c6000
RBP=0x0000004f11ffc420 is pointing into the stack for thread: 0x000001f2779c6000
RSI=0x00000000833e8750 is an oop
java.lang.String 
 - klass: 'java/lang/String'
RDI=0x0000000000000000 is an unknown value
R8 =0x000001f27ad783e8 is pointing into metadata
R9 =0x0000000083474c48 is an oop
java.lang.Class 
 - klass: 'java/lang/Class'
R10=0x0000000055468e4f is an unknown value
R11=0x0000000000000020 is an unknown value
R12=0x0000000000000000 is an unknown value
R13=0x000001f2626ac404 is at entry_point+7556 in (nmethod*)0x000001f2626a9f50
R14=0x0000004f11ffc240 is pointing into the stack for thread: 0x000001f2779c6000
R15=0x000001f2779c6000 is a thread


Stack: [0x0000004f11f00000,0x0000004f12000000],  sp=0x0000004f11ffc250,  free space=1008k
Native frames: (J=compiled Java code, j=interpreted, Vv=VM code, C=native code)
C  0x000001f2626ac420


---------------  P R O C E S S  ---------------

Java Threads: ( => current thread )
  0x000001f2770cc000 JavaThread "Live Reload Server" daemon [_thread_in_native, id=11084, stack(0x0000004f12600000,0x0000004f12700000)]
  0x000001f2770cb000 JavaThread "container-0" [_thread_blocked, id=11076, stack(0x0000004f12500000,0x0000004f12600000)]
  0x000001f279e88000 JavaThread "Catalina-utility-2" [_thread_blocked, id=12144, stack(0x0000004f12400000,0x0000004f12500000)]
  0x000001f279e87800 JavaThread "Catalina-utility-1" [_thread_blocked, id=6464, stack(0x0000004f12300000,0x0000004f12400000)]
  0x000001f279e89800 JavaThread "HikariPool-1 housekeeper" daemon [_thread_blocked, id=10380, stack(0x0000004f12100000,0x0000004f12200000)]
  0x000001f279e89000 JavaThread "MVStore background writer nio:C:/Users/Singh/twitter.mv.db" daemon [_thread_blocked, id=11796, stack(0x0000004f12000000,0x0000004f12100000)]
=>0x000001f2779c6000 JavaThread "restartedMain" [_thread_in_Java, id=4612, stack(0x0000004f11f00000,0x0000004f12000000)]
  0x000001f2779bb800 JavaThread "Thread-0" [_thread_blocked, id=11600, stack(0x0000004f11e00000,0x0000004f11f00000)]
  0x000001f27693d800 JavaThread "Service Thread" daemon [_thread_blocked, id=1924, stack(0x0000004f11c00000,0x0000004f11d00000)]
  0x000001f2768c2000 JavaThread "C1 CompilerThread1" daemon [_thread_blocked, id=9688, stack(0x0000004f11b00000,0x0000004f11c00000)]
  0x000001f2768bf000 JavaThread "C2 CompilerThread0" daemon [_thread_in_native, id=10220, stack(0x0000004f11a00000,0x0000004f11b00000)]
  0x000001f2768be000 JavaThread "Attach Listener" daemon [_thread_blocked, id=4428, stack(0x0000004f11900000,0x0000004f11a00000)]
  0x000001f2768bd000 JavaThread "Signal Dispatcher" daemon [_thread_blocked, id=6644, stack(0x0000004f11800000,0x0000004f11900000)]
  0x000001f27688c000 JavaThread "Finalizer" daemon [_thread_blocked, id=10468, stack(0x0000004f11700000,0x0000004f11800000)]
  0x000001f27688a800 JavaThread "Reference Handler" daemon [_thread_blocked, id=7160, stack(0x0000004f11600000,0x0000004f11700000)]
  0x000001f26037e000 JavaThread "main" [_thread_blocked, id=9300, stack(0x0000004f11200000,0x0000004f11300000)]

Other Threads:
  0x000001f276860800 VMThread [stack: 0x0000004f11500000,0x0000004f11600000] [id=10028]
  0x000001f276945000 WatcherThread [stack: 0x0000004f11d00000,0x0000004f11e00000] [id=4904]

VM state:not at safepoint (normal execution)

VM Mutex/Monitor currently owned by a thread: None

heap address: 0x0000000082c00000, size: 2004 MB, Compressed Oops mode: 32-bit
Narrow klass base: 0x0000000000000000, Narrow klass shift: 3
Compressed class space size: 1073741824 Address: 0x0000000100000000

Heap:
 PSYoungGen      total 202752K, used 163162K [0x00000000d6400000, 0x00000000e3980000, 0x0000000100000000)
  eden space 190976K, 85% used [0x00000000d6400000,0x00000000e0356820,0x00000000e1e80000)
  from space 11776K, 0% used [0x00000000e2e00000,0x00000000e2e00000,0x00000000e3980000)
  to   space 13824K, 0% used [0x00000000e1e80000,0x00000000e1e80000,0x00000000e2c00000)
 ParOldGen       total 88576K, used 13999K [0x0000000082c00000, 0x0000000088280000, 0x00000000d6400000)
  object space 88576K, 15% used [0x0000000082c00000,0x00000000839abcd8,0x0000000088280000)
 Metaspace       used 51975K, capacity 54424K, committed 54528K, reserved 1095680K
  class space    used 7194K, capacity 7659K, committed 7680K, reserved 1048576K

Card table byte_map: [0x000001f2711a0000,0x000001f271590000] byte_map_base: 0x000001f270d8a000

Marking Bits: (ParMarkBitMap*) 0x0000000055477fe0
 Begin Bits: [0x000001f271830000, 0x000001f273780000)
 End Bits:   [0x000001f273780000, 0x000001f2756d0000)

Polling page: 0x000001f260520000

CodeCache: size=245760Kb used=12770Kb max_used=12792Kb free=232989Kb
 bounds [0x000001f261de0000, 0x000001f262a70000, 0x000001f270de0000]
 total_blobs=4215 nmethods=3683 adapters=445
 compilation: enabled

Compilation events (10 events):
Event: 32.580 Thread 0x000001f2768c2000 4025       2       java.nio.charset.CharsetEncoder::replaceWith (89 bytes)
Event: 32.581 Thread 0x000001f2768c2000 nmethod 4025 0x000001f262a593d0 code [0x000001f262a595a0, 0x000001f262a59bb0]
Event: 32.608 Thread 0x000001f2768c2000 4026       2       java.util.Collections$SetFromMap::add (22 bytes)
Event: 32.609 Thread 0x000001f2768c2000 nmethod 4026 0x000001f262a53f10 code [0x000001f262a54080, 0x000001f262a54230]
Event: 32.620 Thread 0x000001f2768c2000 4027       2       org.springframework.core.MethodParameter::getNestedParameterType (122 bytes)
Event: 32.621 Thread 0x000001f2768c2000 nmethod 4027 0x000001f262a59e90 code [0x000001f262a5a0a0, 0x000001f262a5a750]
Event: 32.661 Thread 0x000001f2768c2000 4029       1       org.springframework.boot.context.properties.bind.Bindable::getValue (5 bytes)
Event: 32.661 Thread 0x000001f2768c2000 nmethod 4029 0x000001f262a5ab50 code [0x000001f262a5aca0, 0x000001f262a5adb8]
Event: 32.675 Thread 0x000001f2768c2000 4030       2       org.springframework.aop.support.AopUtils::canApply (206 bytes)
Event: 32.679 Thread 0x000001f2768c2000 nmethod 4030 0x000001f262a60850 code [0x000001f262a60b40, 0x000001f262a61630]

GC Heap History (10 events):
Event: 8.659 GC heap before
{Heap before GC invocations=6 (full 0):
 PSYoungGen      total 70656K, used 23386K [0x00000000d6400000, 0x00000000df600000, 0x0000000100000000)
  eden space 65536K, 27% used [0x00000000d6400000,0x00000000d75daf28,0x00000000da400000)
  from space 5120K, 99% used [0x00000000da400000,0x00000000da8fbbc8,0x00000000da900000)
  to   space 9216K, 0% used [0x00000000ded00000,0x00000000ded00000,0x00000000df600000)
 ParOldGen       total 86016K, used 4428K [0x0000000082c00000, 0x0000000088000000, 0x00000000d6400000)
  object space 86016K, 5% used [0x0000000082c00000,0x00000000830532f8,0x0000000088000000)
 Metaspace       used 20296K, capacity 21170K, committed 21296K, reserved 1067008K
  class space    used 2645K, capacity 2863K, committed 2944K, reserved 1048576K
Event: 8.690 GC heap after
Heap after GC invocations=6 (full 0):
 PSYoungGen      total 139776K, used 7083K [0x00000000d6400000, 0x00000000df700000, 0x0000000100000000)
  eden space 130560K, 0% used [0x00000000d6400000,0x00000000d6400000,0x00000000de380000)
  from space 9216K, 76% used [0x00000000ded00000,0x00000000df3eaec0,0x00000000df600000)
  to   space 9728K, 0% used [0x00000000de380000,0x00000000de380000,0x00000000ded00000)
 ParOldGen       total 86016K, used 4436K [0x0000000082c00000, 0x0000000088000000, 0x00000000d6400000)
  object space 86016K, 5% used [0x0000000082c00000,0x00000000830552f8,0x0000000088000000)
 Metaspace       used 20296K, capacity 21170K, committed 21296K, reserved 1067008K
  class space    used 2645K, capacity 2863K, committed 2944K, reserved 1048576K
}
Event: 8.690 GC heap before
{Heap before GC invocations=7 (full 1):
 PSYoungGen      total 139776K, used 7083K [0x00000000d6400000, 0x00000000df700000, 0x0000000100000000)
  eden space 130560K, 0% used [0x00000000d6400000,0x00000000d6400000,0x00000000de380000)
  from space 9216K, 76% used [0x00000000ded00000,0x00000000df3eaec0,0x00000000df600000)
  to   space 9728K, 0% used [0x00000000de380000,0x00000000de380000,0x00000000ded00000)
 ParOldGen       total 86016K, used 4436K [0x0000000082c00000, 0x0000000088000000, 0x00000000d6400000)
  object space 86016K, 5% used [0x0000000082c00000,0x00000000830552f8,0x0000000088000000)
 Metaspace       used 20296K, capacity 21170K, committed 21296K, reserved 1067008K
  class space    used 2645K, capacity 2863K, committed 2944K, reserved 1048576K
Event: 9.005 GC heap after
Heap after GC invocations=7 (full 1):
 PSYoungGen      total 139776K, used 0K [0x00000000d6400000, 0x00000000df700000, 0x0000000100000000)
  eden space 130560K, 0% used [0x00000000d6400000,0x00000000d6400000,0x00000000de380000)
  from space 9216K, 0% used [0x00000000ded00000,0x00000000ded00000,0x00000000df600000)
  to   space 9728K, 0% used [0x00000000de380000,0x00000000de380000,0x00000000ded00000)
 ParOldGen       total 57856K, used 7203K [0x0000000082c00000, 0x0000000086480000, 0x00000000d6400000)
  object space 57856K, 12% used [0x0000000082c00000,0x0000000083308d50,0x0000000086480000)
 Metaspace       used 20296K, capacity 21170K, committed 21296K, reserved 1067008K
  class space    used 2645K, capacity 2863K, committed 2944K, reserved 1048576K
}
Event: 20.681 GC heap before
{Heap before GC invocations=8 (full 1):
 PSYoungGen      total 139776K, used 130560K [0x00000000d6400000, 0x00000000df700000, 0x0000000100000000)
  eden space 130560K, 100% used [0x00000000d6400000,0x00000000de380000,0x00000000de380000)
  from space 9216K, 0% used [0x00000000ded00000,0x00000000ded00000,0x00000000df600000)
  to   space 9728K, 0% used [0x00000000de380000,0x00000000de380000,0x00000000ded00000)
 ParOldGen       total 57856K, used 7203K [0x0000000082c00000, 0x0000000086480000, 0x00000000d6400000)
  object space 57856K, 12% used [0x0000000082c00000,0x0000000083308d50,0x0000000086480000)
 Metaspace       used 30695K, capacity 32788K, committed 33024K, reserved 1077248K
  class space    used 4121K, capacity 4511K, committed 4608K, reserved 1048576K
Event: 20.757 GC heap after
Heap after GC invocations=8 (full 1):
 PSYoungGen      total 140288K, used 9709K [0x00000000d6400000, 0x00000000e3b80000, 0x0000000100000000)
  eden space 130560K, 0% used [0x00000000d6400000,0x00000000d6400000,0x00000000de380000)
  from space 9728K, 99% used [0x00000000de380000,0x00000000decfb4d8,0x00000000ded00000)
  to   space 13824K, 0% used [0x00000000e2e00000,0x00000000e2e00000,0x00000000e3b80000)
 ParOldGen       total 57856K, used 12454K [0x0000000082c00000, 0x0000000086480000, 0x00000000d6400000)
  object space 57856K, 21% used [0x0000000082c00000,0x0000000083829ba8,0x0000000086480000)
 Metaspace       used 30695K, capacity 32788K, committed 33024K, reserved 1077248K
  class space    used 4121K, capacity 4511K, committed 4608K, reserved 1048576K
}
Event: 22.842 GC heap before
{Heap before GC invocations=9 (full 1):
 PSYoungGen      total 140288K, used 111483K [0x00000000d6400000, 0x00000000e3b80000, 0x0000000100000000)
  eden space 130560K, 77% used [0x00000000d6400000,0x00000000dc7638f0,0x00000000de380000)
  from space 9728K, 99% used [0x00000000de380000,0x00000000decfb4d8,0x00000000ded00000)
  to   space 13824K, 0% used [0x00000000e2e00000,0x00000000e2e00000,0x00000000e3b80000)
 ParOldGen       total 57856K, used 12454K [0x0000000082c00000, 0x0000000086480000, 0x00000000d6400000)
  object space 57856K, 21% used [0x0000000082c00000,0x0000000083829ba8,0x0000000086480000)
 Metaspace       used 33295K, capacity 35420K, committed 35496K, reserved 1079296K
  class space    used 4401K, capacity 4799K, committed 4864K, reserved 1048576K
Event: 22.894 GC heap after
Heap after GC invocations=9 (full 1):
 PSYoungGen      total 202752K, used 8875K [0x00000000d6400000, 0x00000000e3980000, 0x0000000100000000)
  eden space 190976K, 0% used [0x00000000d6400000,0x00000000d6400000,0x00000000e1e80000)
  from space 11776K, 75% used [0x00000000e2e00000,0x00000000e36aade8,0x00000000e3980000)
  to   space 13824K, 0% used [0x00000000e1e80000,0x00000000e1e80000,0x00000000e2c00000)
 ParOldGen       total 57856K, used 12462K [0x0000000082c00000, 0x0000000086480000, 0x00000000d6400000)
  object space 57856K, 21% used [0x0000000082c00000,0x000000008382bba8,0x0000000086480000)
 Metaspace       used 33295K, capacity 35420K, committed 35496K, reserved 1079296K
  class space    used 4401K, capacity 4799K, committed 4864K, reserved 1048576K
}
Event: 22.894 GC heap before
{Heap before GC invocations=10 (full 2):
 PSYoungGen      total 202752K, used 8875K [0x00000000d6400000, 0x00000000e3980000, 0x0000000100000000)
  eden space 190976K, 0% used [0x00000000d6400000,0x00000000d6400000,0x00000000e1e80000)
  from space 11776K, 75% used [0x00000000e2e00000,0x00000000e36aade8,0x00000000e3980000)
  to   space 13824K, 0% used [0x00000000e1e80000,0x00000000e1e80000,0x00000000e2c00000)
 ParOldGen       total 57856K, used 12462K [0x0000000082c00000, 0x0000000086480000, 0x00000000d6400000)
  object space 57856K, 21% used [0x0000000082c00000,0x000000008382bba8,0x0000000086480000)
 Metaspace       used 33295K, capacity 35420K, committed 35496K, reserved 1079296K
  class space    used 4401K, capacity 4799K, committed 4864K, reserved 1048576K
Event: 23.081 GC heap after
Heap after GC invocations=10 (full 2):
 PSYoungGen      total 202752K, used 0K [0x00000000d6400000, 0x00000000e3980000, 0x0000000100000000)
  eden space 190976K, 0% used [0x00000000d6400000,0x00000000d6400000,0x00000000e1e80000)
  from space 11776K, 0% used [0x00000000e2e00000,0x00000000e2e00000,0x00000000e3980000)
  to   space 13824K, 0% used [0x00000000e1e80000,0x00000000e1e80000,0x00000000e2c00000)
 ParOldGen       total 88576K, used 13999K [0x0000000082c00000, 0x0000000088280000, 0x00000000d6400000)
  object space 88576K, 15% used [0x0000000082c00000,0x00000000839abcd8,0x0000000088280000)
 Metaspace       used 33295K, capacity 35420K, committed 35496K, reserved 1079296K
  class space    used 4401K, capacity 4799K, committed 4864K, reserved 1048576K
}

Deoptimization events (10 events):
Event: 28.321 Thread 0x000001f2779c6000 Uncommon trap: reason=bimorphic action=maybe_recompile pc=0x000001f262360414 method=java.lang.ClassLoader.loadClass(Ljava/lang/String;Z)Ljava/lang/Class; @ 70
Event: 28.915 Thread 0x000001f2779c6000 Uncommon trap: reason=null_check action=make_not_entrant pc=0x000001f2628da35c method=java.lang.Class.createAnnotationData(I)Ljava/lang/Class$AnnotationData; @ 14
Event: 29.470 Thread 0x000001f2779c6000 Uncommon trap: reason=unstable_if action=reinterpret pc=0x000001f261fc20cc method=java.lang.Class$MethodArray.addIfNotPresent(Ljava/lang/reflect/Method;)V @ 19
Event: 29.471 Thread 0x000001f2779c6000 Uncommon trap: reason=unstable_if action=reinterpret pc=0x000001f261fd6100 method=java.lang.Class$MethodArray.addIfNotPresent(Ljava/lang/reflect/Method;)V @ 19
Event: 30.687 Thread 0x000001f2779c6000 Uncommon trap: reason=unstable_if action=reinterpret pc=0x000001f26227e6d8 method=java.util.HashMap$HashIterator.<init>(Ljava/util/HashMap;)V @ 45
Event: 31.972 Thread 0x000001f2779c6000 Uncommon trap: reason=null_check action=make_not_entrant pc=0x000001f262a104c8 method=org.h2.util.StringUtils.cache(Ljava/lang/String;)Ljava/lang/String; @ 53
Event: 32.450 Thread 0x000001f2779c6000 Uncommon trap: reason=class_check action=maybe_recompile pc=0x000001f262626628 method=org.springframework.beans.factory.support.AbstractBeanFactory.isTypeMatch(Ljava/lang/String;Lorg/springframework/core/ResolvableType;Z)Z @ 53
Event: 32.460 Thread 0x000001f2779c6000 Uncommon trap: reason=class_check action=maybe_recompile pc=0x000001f262626628 method=org.springframework.beans.factory.support.AbstractBeanFactory.isTypeMatch(Ljava/lang/String;Lorg/springframework/core/ResolvableType;Z)Z @ 53
Event: 32.467 Thread 0x000001f2779c6000 Uncommon trap: reason=class_check action=maybe_recompile pc=0x000001f262626628 method=org.springframework.beans.factory.support.AbstractBeanFactory.isTypeMatch(Ljava/lang/String;Lorg/springframework/core/ResolvableType;Z)Z @ 53
Event: 32.492 Thread 0x000001f2779c6000 Uncommon trap: reason=class_check action=maybe_recompile pc=0x000001f262626628 method=org.springframework.beans.factory.support.AbstractBeanFactory.isTypeMatch(Ljava/lang/String;Lorg/springframework/core/ResolvableType;Z)Z @ 53

Classes redefined (0 events):
No events

Internal exceptions (10 events):
Event: 32.423 Thread 0x000001f2779c6000 Exception <a 'java/lang/ClassNotFoundException': org/springframework/security/config/annotation/web/configuration/WebSecurityConfigurerAdapterCustomizer> (0x00000000dff29240) thrown at [C:\jenkins\workspace\8-2-build-windows-amd64-cygwin\jdk8u271\605\hots
Event: 32.430 Thread 0x000001f2779c6000 Exception <a 'java/lang/ClassNotFoundException': com/tts/TechTalentTwitter/configuration/SecurityConfigurationCustomizer> (0x00000000dff59f38) thrown at [C:\jenkins\workspace\8-2-build-windows-amd64-cygwin\jdk8u271\605\hotspot\src\share\vm\classfile\syste
Event: 32.433 Thread 0x000001f2779c6000 Exception <a 'java/lang/ClassNotFoundException': com/tts/TechTalentTwitter/configuration/SecurityConfiguration$$EnhancerBySpringCGLIB$$ac8f8f44Customizer> (0x00000000dff87078) thrown at [C:\jenkins\workspace\8-2-build-windows-amd64-cygwin\jdk8u271\605\hot
Event: 32.439 Thread 0x000001f2779c6000 Exception <a 'java/lang/ClassNotFoundException': org/springframework/context/annotation/ConfigurationClassEnhancer$EnhancedConfigurationCustomizer> (0x00000000dffb86c0) thrown at [C:\jenkins\workspace\8-2-build-windows-amd64-cygwin\jdk8u271\605\hotspot\sr
Event: 32.440 Thread 0x000001f2779c6000 Exception <a 'java/lang/ClassNotFoundException': org/springframework/beans/factory/BeanFactoryAwareCustomizer> (0x00000000dffd1a18) thrown at [C:\jenkins\workspace\8-2-build-windows-amd64-cygwin\jdk8u271\605\hotspot\src\share\vm\classfile\systemDictionary
Event: 32.442 Thread 0x000001f2779c6000 Exception <a 'java/lang/ClassNotFoundException': org/springframework/beans/factory/AwareCustomizer> (0x00000000dffe9158) thrown at [C:\jenkins\workspace\8-2-build-windows-amd64-cygwin\jdk8u271\605\hotspot\src\share\vm\classfile\systemDictionary.cpp, line 
Event: 32.444 Thread 0x000001f2779c6000 Exception <a 'java/lang/ClassNotFoundException': org/springframework/security/config/annotation/web/WebSecurityConfigurerCustomizer> (0x00000000e0007900) thrown at [C:\jenkins\workspace\8-2-build-windows-amd64-cygwin\jdk8u271\605\hotspot\src\share\vm\clas
Event: 32.447 Thread 0x000001f2779c6000 Exception <a 'java/lang/ClassNotFoundException': org/springframework/security/config/annotation/SecurityConfigurerCustomizer> (0x00000000e00250e8) thrown at [C:\jenkins\workspace\8-2-build-windows-amd64-cygwin\jdk8u271\605\hotspot\src\share\vm\classfile\s
Event: 32.454 Thread 0x000001f2779c6000 Exception <a 'java/lang/ClassNotFoundException': java/lang/ObjectCustomizer> (0x00000000e0042648) thrown at [C:\jenkins\workspace\8-2-build-windows-amd64-cygwin\jdk8u271\605\hotspot\src\share\vm\classfile\systemDictionary.cpp, line 212]
Event: 32.457 Thread 0x000001f2779c6000 Exception <a 'java/lang/ClassNotFoundException': org/springframework/security/config/annotation/authentication/configuration/AuthenticationConfigurationCustomizer> (0x00000000e006ccf8) thrown at [C:\jenkins\workspace\8-2-build-windows-amd64-cygwin\jdk8u27

Events (10 events):
Event: 32.650 loading class org/springframework/boot/autoconfigure/web/WebProperties$Resources$Cache$Cachecontrol
Event: 32.650 loading class org/springframework/boot/autoconfigure/web/WebProperties$Resources$Cache$Cachecontrol done
Event: 32.652 loading class org/springframework/boot/autoconfigure/web/ResourceProperties$Strategy
Event: 32.652 loading class org/springframework/boot/autoconfigure/web/ResourceProperties$Strategy done
Event: 32.653 loading class org/springframework/boot/autoconfigure/web/ResourceProperties$Content
Event: 32.653 loading class org/springframework/boot/autoconfigure/web/ResourceProperties$Content done
Event: 32.653 loading class org/springframework/boot/autoconfigure/web/ResourceProperties$Fixed
Event: 32.653 loading class org/springframework/boot/autoconfigure/web/ResourceProperties$Fixed done
Event: 32.657 loading class org/springframework/boot/autoconfigure/web/ResourceProperties$Cache$Cachecontrol
Event: 32.657 loading class org/springframework/boot/autoconfigure/web/ResourceProperties$Cache$Cachecontrol done


Dynamic libraries:
0x00007ff7179e0000 - 0x00007ff717a27000 	C:\Program Files\Java\jdk1.8.0_271\bin\java.exe
0x00007fffb7600000 - 0x00007fffb77f0000 	C:\WINDOWS\SYSTEM32\ntdll.dll
0x00007fff8f340000 - 0x00007fff8f352000 	C:\Program Files\Avast Software\Avast\aswhook.dll
0x00007fffb6f70000 - 0x00007fffb7022000 	C:\WINDOWS\System32\KERNEL32.DLL
0x00007fffb4580000 - 0x00007fffb4825000 	C:\WINDOWS\System32\KERNELBASE.dll
0x00007fffb6b20000 - 0x00007fffb6bc3000 	C:\WINDOWS\System32\ADVAPI32.dll
0x00007fffb6df0000 - 0x00007fffb6e8e000 	C:\WINDOWS\System32\msvcrt.dll
0x00007fffb71f0000 - 0x00007fffb7287000 	C:\WINDOWS\System32\sechost.dll
0x00007fffb6980000 - 0x00007fffb6a9f000 	C:\WINDOWS\System32\RPCRT4.dll
0x00007fffb6bd0000 - 0x00007fffb6d64000 	C:\WINDOWS\System32\USER32.dll
0x00007fffb4830000 - 0x00007fffb4851000 	C:\WINDOWS\System32\win32u.dll
0x00007fffb73d0000 - 0x00007fffb73f6000 	C:\WINDOWS\System32\GDI32.dll
0x00007fffb54c0000 - 0x00007fffb5658000 	C:\WINDOWS\System32\gdi32full.dll
0x00007fffb53a0000 - 0x00007fffb543e000 	C:\WINDOWS\System32\msvcp_win.dll
0x00007fffb4860000 - 0x00007fffb495a000 	C:\WINDOWS\System32\ucrtbase.dll
0x00007fff87d80000 - 0x00007fff88004000 	C:\WINDOWS\WinSxS\amd64_microsoft.windows.common-controls_6595b64144ccf1df_6.0.18362.1379_none_9e7ff3b3e45cc0c4\COMCTL32.dll
0x00007fffb6640000 - 0x00007fffb6977000 	C:\WINDOWS\System32\combase.dll
0x00007fffb4960000 - 0x00007fffb49e1000 	C:\WINDOWS\System32\bcryptPrimitives.dll
0x00007fffb6f40000 - 0x00007fffb6f6e000 	C:\WINDOWS\System32\IMM32.DLL
0x00007fffaf6c0000 - 0x00007fffaf6d5000 	C:\Program Files\Java\jdk1.8.0_271\jre\bin\vcruntime140.dll
0x00007fffa8a20000 - 0x00007fffa8abb000 	C:\Program Files\Java\jdk1.8.0_271\jre\bin\msvcp140.dll
0x0000000054c80000 - 0x00000000554ef000 	C:\Program Files\Java\jdk1.8.0_271\jre\bin\server\jvm.dll
0x00007fffb6160000 - 0x00007fffb6168000 	C:\WINDOWS\System32\PSAPI.DLL
0x00007fffa9fa0000 - 0x00007fffa9fa9000 	C:\WINDOWS\SYSTEM32\WSOCK32.dll
0x00007fffb7290000 - 0x00007fffb72ff000 	C:\WINDOWS\System32\WS2_32.dll
0x00007fffa9910000 - 0x00007fffa9934000 	C:\WINDOWS\SYSTEM32\WINMM.dll
0x00007fffad7f0000 - 0x00007fffad7fa000 	C:\WINDOWS\SYSTEM32\VERSION.dll
0x00007fffa98e0000 - 0x00007fffa990d000 	C:\WINDOWS\SYSTEM32\WINMMBASE.dll
0x00007fffb5660000 - 0x00007fffb56aa000 	C:\WINDOWS\System32\cfgmgr32.dll
0x00007fffb44c0000 - 0x00007fffb44d1000 	C:\WINDOWS\System32\kernel.appcore.dll
0x00007fffae580000 - 0x00007fffae590000 	C:\Program Files\Java\jdk1.8.0_271\jre\bin\verify.dll
0x00007fffaa100000 - 0x00007fffaa12b000 	C:\Program Files\Java\jdk1.8.0_271\jre\bin\java.dll
0x00007fffacc40000 - 0x00007fffacc58000 	C:\Program Files\Java\jdk1.8.0_271\jre\bin\zip.dll
0x00007fffb5930000 - 0x00007fffb6018000 	C:\WINDOWS\System32\SHELL32.dll
0x00007fffb6e90000 - 0x00007fffb6f37000 	C:\WINDOWS\System32\shcore.dll
0x00007fffb4b70000 - 0x00007fffb52eb000 	C:\WINDOWS\System32\windows.storage.dll
0x00007fffb44e0000 - 0x00007fffb4503000 	C:\WINDOWS\System32\profapi.dll
0x00007fffb4510000 - 0x00007fffb455a000 	C:\WINDOWS\System32\powrprof.dll
0x00007fffb44b0000 - 0x00007fffb44c0000 	C:\WINDOWS\System32\UMPDC.dll
0x00007fffb6d80000 - 0x00007fffb6dd2000 	C:\WINDOWS\System32\shlwapi.dll
0x00007fffb54a0000 - 0x00007fffb54b7000 	C:\WINDOWS\System32\cryptsp.dll
0x00007fffae570000 - 0x00007fffae57d000 	C:\Program Files\Java\jdk1.8.0_271\jre\bin\management.dll
0x00007fffac180000 - 0x00007fffac19c000 	C:\Program Files\Java\jdk1.8.0_271\jre\bin\net.dll
0x00007fffb3c90000 - 0x00007fffb3cf7000 	C:\WINDOWS\system32\mswsock.dll
0x00007fff9b960000 - 0x00007fff9b976000 	C:\WINDOWS\system32\napinsp.dll
0x00007fff9b940000 - 0x00007fff9b95a000 	C:\WINDOWS\system32\pnrpnsp.dll
0x00007fffb39f0000 - 0x00007fffb3abb000 	C:\WINDOWS\SYSTEM32\DNSAPI.dll
0x00007fffb6de0000 - 0x00007fffb6de8000 	C:\WINDOWS\System32\NSI.dll
0x00007fffb39a0000 - 0x00007fffb39da000 	C:\WINDOWS\SYSTEM32\IPHLPAPI.DLL
0x00007fff9b930000 - 0x00007fff9b93e000 	C:\WINDOWS\System32\winrnr.dll
0x00007fffac8a0000 - 0x00007fffac8bc000 	C:\WINDOWS\system32\NLAapi.dll
0x00007fffafa10000 - 0x00007fffafa25000 	C:\WINDOWS\system32\wshbth.dll
0x00007fffad7c0000 - 0x00007fffad7ca000 	C:\Windows\System32\rasadhlp.dll
0x00007fffab320000 - 0x00007fffab397000 	C:\WINDOWS\System32\fwpuclnt.dll
0x00007fffb4b40000 - 0x00007fffb4b66000 	C:\WINDOWS\System32\bcrypt.dll
0x00007fffa9c90000 - 0x00007fffa9ca3000 	C:\Program Files\Java\jdk1.8.0_271\jre\bin\nio.dll
0x00007fffb3810000 - 0x00007fffb3843000 	C:\WINDOWS\system32\rsaenh.dll
0x00007fffb4390000 - 0x00007fffb43b5000 	C:\WINDOWS\SYSTEM32\USERENV.dll
0x00007fffb3e60000 - 0x00007fffb3e6c000 	C:\WINDOWS\SYSTEM32\CRYPTBASE.dll
0x00007fffab680000 - 0x00007fffab696000 	C:\WINDOWS\SYSTEM32\dhcpcsvc6.DLL
0x00007fffab750000 - 0x00007fffab76c000 	C:\WINDOWS\SYSTEM32\dhcpcsvc.DLL
0x00007fffb2de0000 - 0x00007fffb2fd4000 	C:\WINDOWS\SYSTEM32\dbghelp.dll

VM Arguments:
jvm_args: -Dfile.encoding=windows-1252 -Duser.country=US -Duser.language=en -Duser.variant 
java_command: com.tts.TechTalentTwitter.TechTalentTwitterApplication
java_class_path (initial): C:\Users\Singh\Desktop\SpringBoot\TechTalentTwitter\build\classes\java\main;C:\Users\Singh\Desktop\SpringBoot\TechTalentTwitter\build\resources\main;C:\Users\Singh\.gradle\caches\modules-2\files-2.1\org.springframework.boot\spring-boot-devtools\2.4.2\ec2d5d1d6684d1e817db60e4066e8b6581defeae\spring-boot-devtools-2.4.2.jar;C:\Users\Singh\.gradle\caches\modules-2\files-2.1\org.ocpsoft.prettytime\prettytime\5.0.0.Final\8f99f8882fa991cbfa58bc16225bd5bdf54829db\prettytime-5.0.0.Final.jar;C:\Users\Singh\.gradle\caches\modules-2\files-2.1\org.springframework.boot\spring-boot-starter-data-jpa\2.4.2\4c703d6746355d0d894fc22488c8756b8fe25d29\spring-boot-starter-data-jpa-2.4.2.jar;C:\Users\Singh\.gradle\caches\modules-2\files-2.1\org.springframework.boot\spring-boot-starter-security\2.4.2\95e705128da824bfb81d43e4ec199826a6b37107\spring-boot-starter-security-2.4.2.jar;C:\Users\Singh\.gradle\caches\modules-2\files-2.1\org.springframework.boot\spring-boot-starter-thymeleaf\2.4.2\cc5939284a54fa5295c551b50e14dc3995b4a101\spring-boot-starter-thymeleaf-2.4.2.jar;C:\Users\Singh\.gradle\caches\modules-2\files-2.1\org.springframework.boot\spring-boot-starter-validation\2.4.2\ae13cc501335a416adc3c88502540ba11c77317\spring-boot-starter-validation-2.4.2.jar;C:\Users\Singh\.gradle\caches\modules-2\files-2.1\org.springframework.boot\spring-boot-starter-web\2.4.2\b61aa5408a80c4d0c0e5730b115066aaf90c61\spring-boot-starter-web-2.4.2.jar;C:\Users\Singh\.gradle\caches\modules-2\files-2.1\org.thymeleaf.extras\thymeleaf-extras-springsecurity5\3.0.4.RELEASE\88bb10bf73ce285208dd848e8eb17f897ebb02d4\thymeleaf-extras-springsecurity5-3.0.4.RELEASE.jar;C:\Users\Singh\.gradle\caches\modules-2\files-2.1\com.h2database\h2\1.4.200\f7533fe7cb8e99c87a43d325a77b4b678ad9031a\h2-1.4.200.jar;C:\Users\Singh\.gradle\caches\modules-2\files-2.1\org.springframework.boot\spring-boot-starter-aop\2.4.2\442c08d70de18d5b1ddc903d1113eb8354690c1b\spring-boot-starter-aop-2.4.2.jar;C:\Users\Singh\.gra
Launcher Type: SUN_STANDARD

Environment Variables:
PATH=C:\Program Files (x86)\Common Files\Oracle\Java\javapath;C:\WINDOWS\system32;C:\WINDOWS;C:\WINDOWS\System32\Wbem;C:\WINDOWS\System32\WindowsPowerShell\v1.0\;C:\WINDOWS\System32\OpenSSH\;C:\Program Files\Intel\TXE Components\DAL\;C:\Program Files (x86)\Intel\TXE Components\DAL\;C:\Recovery\OEM\Backup\;C:\Program Files\Git\cmd;C:\Program Files\nodejs\;C:\Program Files\MySQL\MySQL Shell 8.0\bin\;C:\Users\Singh\AppData\Local\Microsoft\WindowsApps;C:\Users\Singh\AppData\Local\Programs\Microsoft VS Code\bin;C:\Users\Singh\AppData\Local\GitHubDesktop\bin;C:\Users\Singh\AppData\Roaming\npm
USERNAME=Singh
OS=Windows_NT
PROCESSOR_IDENTIFIER=Intel64 Family 6 Model 122 Stepping 1, GenuineIntel



---------------  S Y S T E M  ---------------

OS: Windows 10.0 , 64 bit Build 18362 (10.0.18362.1350)

CPU:total 2 (initial active 2) (2 cores per cpu, 1 threads per core) family 6 model 122 stepping 1, cmov, cx8, fxsr, mmx, sse, sse2, sse3, ssse3, sse4.1, sse4.2, popcnt, aes, clmul, erms, 3dnowpref, tsc, tscinvbit

Memory: 4k page, physical 8205080k(2094652k free), swap 33370904k(23672056k free)

vm_info: Java HotSpot(TM) 64-Bit Server VM (25.271-b09) for windows-amd64 JRE (1.8.0_271-b09), built on Sep 16 2020 19:14:59 by "" with MS VC++ 15.9 (VS2017)

time: Tue Feb 16 11:11:39 2021
timezone: Central Standard Time
elapsed time: 33.110061 seconds (0d 0h 0m 33s)

